#
# There is insufficient memory for the Java Runtime Environment to continue.
# Native memory allocation (malloc) failed to allocate 1048576 bytes for AllocateHeap
# Possible reasons:
#   The system is out of physical RAM or swap space
#   In 32 bit mode, the process size limit was hit
# Possible solutions:
#   Reduce memory load on the system
#   Increase physical memory or swap space
#   Check if swap backing store is full
#   Use 64 bit Java on a 64 bit OS
#   Decrease Java heap size (-Xmx/-Xms)
#   Decrease number of Java threads
#   Decrease Java thread stack sizes (-Xss)
#   Set larger code cache with -XX:ReservedCodeCacheSize=
# This output file may be truncated or incomplete.
#
#  Out of Memory Error (memory/allocation.inline.hpp:61), pid=2916, tid=0x00000000000091bc
#
# JRE version:  (8.0) (build )
# Java VM: OpenJDK 64-Bit Server VM (25.71-b00 mixed mode windows-amd64 compressed oops)
# Failed to write core dump. Minidumps are not enabled by default on client versions of Windows
#

---------------  T H R E A D  ---------------

Current thread (0x0000000002542800):  JavaThread "Unknown thread" [_thread_in_vm, id=37308, stack(0x0000000002440000,0x0000000002540000)]

Stack: [0x0000000002440000,0x0000000002540000]
[error occurred during error reporting (printing stack bounds), id 0xc0000005]

Native frames: (J=compiled Java code, j=interpreted, Vv=VM code, C=native code)


---------------  P R O C E S S  ---------------

Java Threads: ( => current thread )

Other Threads:

=>0x0000000002542800 (exited) JavaThread "Unknown thread" [_thread_in_vm, id=37308, stack(0x0000000002440000,0x0000000002540000)]

VM state:not at safepoint (normal execution)

VM Mutex/Monitor currently owned by a thread: None

Heap:
 PSYoungGen      total 152576K, used 2621K [0x0000000716580000, 0x0000000720f80000, 0x00000007c0000000)
  eden space 131072K, 2% used [0x0000000716580000,0x000000071680f5d0,0x000000071e580000)
  from space 21504K, 0% used [0x000000071fa80000,0x000000071fa80000,0x0000000720f80000)
  to   space 21504K, 0% used [0x000000071e580000,0x000000071e580000,0x000000071fa80000)
 ParOldGen       total 348160K, used 0K [0x00000005c3000000, 0x00000005d8400000, 0x0000000716580000)
  object space 348160K, 0% used [0x00000005c3000000,0x00000005c3000000,0x00000005d8400000)
 Metaspace       used 777K, capacity 4480K, committed 4480K, reserved 1056768K
  class space    used 74K, capacity 384K, committed 384K, reserved 1048576K

Card table byte_map: [0x0000000011a00000,0x00000000129f0000] byte_map_base: 0x000000000ebe8000

Marking Bits: (ParMarkBitMap*) 0x0000000055dcbe50
 Begin Bits: [0x0000000013c90000, 0x000000001bbd0000)
 End Bits:   [0x000000001bbd0000, 0x0000000023b10000)

Polling page: 0x00000000022d0000

CodeCache: size=245760Kb used=328Kb max_used=328Kb free=245431Kb
 bounds [0x0000000002640000, 0x00000000028b0000, 0x0000000011640000]
 total_blobs=57 nmethods=0 adapters=38
 compilation: enabled

Compilation events (0 events):
No events

GC Heap History (0 events):
No events

Deoptimization events (0 events):
No events

Classes redefined (0 events):
No events

Internal exceptions (0 events):
No events

Events (10 events):
Event: 0.020 loading class java/lang/Short
Event: 0.020 loading class java/lang/Short done
Event: 0.020 loading class java/lang/Integer
Event: 0.020 loading class java/lang/Integer done
Event: 0.020 loading class java/lang/Long
Event: 0.020 loading class java/lang/Long done
Event: 0.021 loading class java/lang/NullPointerException
Event: 0.021 loading class java/lang/NullPointerException done
Event: 0.021 loading class java/lang/ArithmeticException
Event: 0.021 loading class java/lang/ArithmeticException done


Dynamic libraries:
0x00007ff72f4f0000 - 0x00007ff72f525000 	C:\Program Files\Unity\2021.3.20f1\Editor\Data\PlaybackEngines\AndroidPlayer\OpenJDK\bin\java.exe
0x00007ffda52b0000 - 0x00007ffda54c4000 	C:\WINDOWS\SYSTEM32\ntdll.dll
0x00007ffda3bc0000 - 0x00007ffda3c83000 	C:\WINDOWS\System32\KERNEL32.DLL
0x00007ffda2810000 - 0x00007ffda2bac000 	C:\WINDOWS\System32\KERNELBASE.dll
0x00007ffda3d20000 - 0x00007ffda3dce000 	C:\WINDOWS\System32\ADVAPI32.dll
0x00007ffda47b0000 - 0x00007ffda4857000 	C:\WINDOWS\System32\msvcrt.dll
0x00007ffda30c0000 - 0x00007ffda3164000 	C:\WINDOWS\System32\sechost.dll
0x00007ffda50e0000 - 0x00007ffda51f5000 	C:\WINDOWS\System32\RPCRT4.dll
0x00007ffda3490000 - 0x00007ffda363d000 	C:\WINDOWS\System32\USER32.dll
0x00007ffda2ff0000 - 0x00007ffda3016000 	C:\WINDOWS\System32\win32u.dll
0x00007ffda5080000 - 0x00007ffda50a9000 	C:\WINDOWS\System32\GDI32.dll
0x00007ffda26f0000 - 0x00007ffda2803000 	C:\WINDOWS\System32\gdi32full.dll
0x00007ffda3020000 - 0x00007ffda30ba000 	C:\WINDOWS\System32\msvcp_win.dll
0x00007ffda2ca0000 - 0x00007ffda2db1000 	C:\WINDOWS\System32\ucrtbase.dll
0x00007ffd8ce20000 - 0x00007ffd8d0ae000 	C:\WINDOWS\WinSxS\amd64_microsoft.windows.common-controls_6595b64144ccf1df_6.0.22621.608_none_a9444ca7c10bb01d\COMCTL32.dll
0x00007ffda3e80000 - 0x00007ffda3eb1000 	C:\WINDOWS\System32\IMM32.DLL
0x0000000055e50000 - 0x0000000055f22000 	C:\Program Files\Unity\2021.3.20f1\Editor\Data\PlaybackEngines\AndroidPlayer\OpenJDK\jre\bin\msvcr100.dll
0x0000000055600000 - 0x0000000055e49000 	C:\Program Files\Unity\2021.3.20f1\Editor\Data\PlaybackEngines\AndroidPlayer\OpenJDK\jre\bin\server\jvm.dll
0x00007ffda50c0000 - 0x00007ffda50c8000 	C:\WINDOWS\System32\PSAPI.DLL
0x00007ffd9f490000 - 0x00007ffd9f499000 	C:\WINDOWS\SYSTEM32\WSOCK32.dll
0x00007ffd9b010000 - 0x00007ffd9b044000 	C:\WINDOWS\SYSTEM32\WINMM.dll
0x00007ffd9b880000 - 0x00007ffd9b88a000 	C:\WINDOWS\SYSTEM32\VERSION.dll
0x00007ffda3780000 - 0x00007ffda37f1000 	C:\WINDOWS\System32\WS2_32.dll
0x00007ffd7f4c0000 - 0x00007ffd7f4cf000 	C:\Program Files\Unity\2021.3.20f1\Editor\Data\PlaybackEngines\AndroidPlayer\OpenJDK\jre\bin\verify.dll
0x00007ffd17ad0000 - 0x00007ffd17af9000 	C:\Program Files\Unity\2021.3.20f1\Editor\Data\PlaybackEngines\AndroidPlayer\OpenJDK\jre\bin\java.dll
0x00007ffd17ab0000 - 0x00007ffd17ac6000 	C:\Program Files\Unity\2021.3.20f1\Editor\Data\PlaybackEngines\AndroidPlayer\OpenJDK\jre\bin\zip.dll

VM Arguments:
jvm_args: -Dfile.encoding=UTF-8 
java_command: <unknown>
java_class_path (initial): .
Launcher Type: SUN_STANDARD

Environment Variables:
JAVA_HOME=C:\Program Files\Unity\2021.3.20f1\Editor\Data\PlaybackEngines\AndroidPlayer\OpenJDK
JAVA_TOOL_OPTIONS=-Dfile.encoding=UTF-8
PATH=C:\Windows\system32;C:\Windows;C:\Windows\System32\Wbem;C:\Windows\System32\WindowsPowerShell\v1.0\;C:\Windows\System32\OpenSSH\;C:\Program Files (x86)\Intel\Intel(R) Management Engine Components\DAL;C:\Program Files\Intel\Intel(R) Management Engine Components\DAL;C:\WINDOWS\system32;C:\WINDOWS;C:\WINDOWS\System32\Wbem;C:\WINDOWS\System32\WindowsPowerShell\v1.0\;C:\WINDOWS\System32\OpenSSH\;C:\Program Files\dotnet\;C:\Program Files\Microsoft SQL Server\150\Tools\Binn\;C:\Program Files\Git\cmd;C:\WINDOWS\system32;C:\WINDOWS;C:\WINDOWS\System32\Wbem;C:\WINDOWS\System32\WindowsPowerShell\v1.0\;C:\WINDOWS\System32\OpenSSH\;C:\Program Files\NVIDIA Corporation\NVIDIA NvDLISR;C:\Program Files (x86)\NVIDIA Corporation\PhysX\Common;C:\Users\Wisp\AppData\Local\Microsoft\WindowsApps;C:\Users\Wisp\AppData\Local\GitHubDesktop\bin;C:\Users\Wisp\.dotnet\tools;
USERNAME=Wisp
OS=Windows_NT
PROCESSOR_IDENTIFIER=Intel64 Family 6 Model 158 Stepping 12, GenuineIntel



---------------  S Y S T E M  ---------------

OS: Windows 10.0 , 64 bit Build 22621 (10.0.22621.1344)

CPU:total 8 (initial active 8) (8 cores per cpu, 1 threads per core) family 6 model 158 stepping 12, cmov, cx8, fxsr, mmx, sse, sse2, sse3, ssse3, sse4.1, sse4.2, popcnt, avx, avx2, aes, clmul, erms, rtm, 3dnowpref, lzcnt, tsc, tscinvbit, bmi1, bmi2, adx

Memory: 4k page, physical 33351024k(10300772k free), swap 35448176k(5856k free)

vm_info: OpenJDK 64-Bit Server VM (25.71-b00) for windows-amd64 JRE (1.8.0-adoptopenjdk-_2018_05_19_00_59-b00), built on May 19 2018 01:02:12 by "jenkins" with MS VC++ 10.0 (VS2010)

time: Tue Mar 28 23:24:24 2023
elapsed time: 0 seconds (0d 0h 0m 0s)

